<?xml version="1.0" encoding="utf-8"?><testsuites name="pytest tests"><testsuite name="pytest" errors="0" failures="0" skipped="0" tests="8" time="1.588" timestamp="2026-05-21T12:32:01.278923+00:00" hostname="agent-env-00390ed7-467c-451b-900c-26a8fd3606d3"><testcase classname="backend.tests.test_backend" name="test_root" time="0.332" /><testcase classname="backend.tests.test_backend" name="test_lessons_age_7" time="0.168" /><testcase classname="backend.tests.test_backend" name="test_lessons_age_15" time="0.151" /><testcase classname="backend.tests.test_backend" name="test_get_lesson_colors" time="0.119" /><testcase classname="backend.tests.test_backend" name="test_get_lesson_404" time="0.115" /><testcase classname="backend.tests.test_backend" name="test_pet_phrase" time="0.138" /><testcase classname="backend.tests.test_backend" name="test_pet_gibberish_length_4" time="0.116" /><testcase classname="backend.tests.test_backend" name="test_health" time="0.141" /></testsuite></testsuites>